/mnt/nas2a/ko//2000A.freqfile.b
/mnt/nas2a/ko//2002B.freqfile.b
/mnt/nas2a/ko//1996B.freqfile.b
/mnt/nas2a/ko//2002A.freqfile.b
/mnt/nas2a/ko//2001B.freqfile.b
/mnt/nas2a/ko//2001A.freqfile.b
/mnt/nas2a/ko//1994A.freqfile.b
/mnt/nas2a/ko//1998A.freqfile.b
/mnt/nas2a/ko//1999A.freqfile.b
/mnt/nas2a/ko//1999B.freqfile.b
/mnt/nas2a/ko//2000B.freqfile.b
/mnt/nas2a/ko//1993A.freqfile.b
/mnt/nas2a/ko//1997B.freqfile.b
/mnt/nas2a/ko//1994B.freqfile.b
/mnt/nas2a/ko//1996A.freqfile.b
/mnt/nas2a/ko//1998B.freqfile.b
/mnt/nas2a/ko//1995B.freqfile.b
/mnt/nas2a/ko//1995A.freqfile.b
/mnt/nas2a/ko//1993B.freqfile.b
/mnt/nas2a/ko//1997A.freqfile.b
/mnt/nas2a/ko//2000B.freqfile.s
/mnt/nas2a/ko//2001B.freqfile.s
/mnt/nas2a/ko//1994A.freqfile.s
/mnt/nas2a/ko//1997A.freqfile.s
/mnt/nas2a/ko//1998A.freqfile.s
/mnt/nas2a/ko//1999B.freqfile.s
/mnt/nas2a/ko//1996B.freqfile.s
/mnt/nas2a/ko//1999A.freqfile.s
/mnt/nas2a/ko//2001A.freqfile.s
/mnt/nas2a/ko//2000A.freqfile.s
/mnt/nas2a/ko//2002B.freqfile.s
/mnt/nas2a/ko//2002A.freqfile.s
/mnt/nas2a/ko//1993A.freqfile.s
/mnt/nas2a/ko//1997B.freqfile.s
/mnt/nas2a/ko//1994B.freqfile.s
/mnt/nas2a/ko//1996A.freqfile.s
/mnt/nas2a/ko//1998B.freqfile.s
/mnt/nas2a/ko//1995B.freqfile.s
/mnt/nas2a/ko//1995A.freqfile.s
/mnt/nas2a/ko//1993B.freqfile.s
/mnt/nas2a/ko//1993A.freqfile.df
/mnt/nas2a/ko//1996A.freqfile.df
/mnt/nas2a/ko//1995A.freqfile.df
/mnt/nas2a/ko//1995B.freqfile.df
/mnt/nas2a/ko//1997B.freqfile.df
/mnt/nas2a/ko//1994B.freqfile.df
/mnt/nas2a/ko//1997A.freqfile.df
/mnt/nas2a/ko//1998B.freqfile.df
/mnt/nas2a/ko//1993B.freqfile.df
/mnt/nas2a/ko//1994A.freqfile.df
/mnt/nas2a/ko//1996B.freqfile.df
/mnt/nas2a/ko//1999A.freqfile.df
/mnt/nas2a/ko//1998A.freqfile.df
/mnt/nas2a/ko//2000B.freqfile.df
/mnt/nas2a/ko//1999B.freqfile.df
/mnt/nas2a/ko//2000A.freqfile.df
/mnt/nas2a/ko//2001A.freqfile.df
/mnt/nas2a/ko//2001B.freqfile.df
/mnt/nas2a/ko//2002A.freqfile.df
/mnt/nas2a/ko//2002B.freqfile.df
